<?xml version="1.0" encoding="UTF-8"?>
<!-- Generated by org.testng.reporters.JUnitReportReporter -->
<testsuite skipped="0" hostname="NBS-Vineethkj" name="BestBuySripts.Login_page" tests="1" failures="0" timestamp="26 Oct 2021 04:47:22 GMT" time="16.577" errors="0">
  <testcase name="driverInitialisation" time="16.577" classname="BestBuySripts.Login_page"/>
</testsuite> <!-- BestBuySripts.Login_page -->
