<?xml version="1.0" encoding="UTF-8"?>
<!-- Generated by org.testng.reporters.JUnitReportReporter -->
<testsuite skipped="0" hostname="NBS-Vineethkj" name="Automationpractice.Automationpractice.Calender_Type1" tests="1" failures="0" timestamp="06 Nov 2021 07:08:00 GMT" time="15.741" errors="0">
  <testcase name="calender" time="15.741" classname="Automationpractice.Automationpractice.Calender_Type1"/>
</testsuite> <!-- Automationpractice.Automationpractice.Calender_Type1 -->
