<?xml version="1.0" encoding="UTF-8"?>
<!-- Generated by org.testng.reporters.JUnitReportReporter -->
<testsuite skipped="0" hostname="NBS-Vineethkj" name="Automationpractice.Automationpractice.switches" tests="6" failures="0" timestamp="27 Oct 2021 03:52:09 GMT" time="33.025" errors="0">
  <testcase name="openurl" time="11.558" classname="Automationpractice.Automationpractice.switches"/>
  <testcase name="clickRadiobutton" time="0.188" classname="Automationpractice.Automationpractice.switches"/>
  <testcase name="autoSuggestionDropdown" time="0.193" classname="Automationpractice.Automationpractice.switches"/>
  <testcase name="dropdown" time="0.746" classname="Automationpractice.Automationpractice.switches"/>
  <testcase name="checkbox" time="0.183" classname="Automationpractice.Automationpractice.switches"/>
  <testcase name="clickFooterLinks" time="20.157" classname="Automationpractice.Automationpractice.switches"/>
</testsuite> <!-- Automationpractice.Automationpractice.switches -->
