<?xml version="1.0" encoding="UTF-8"?>
<!-- Generated by org.testng.reporters.JUnitReportReporter -->
<testsuite skipped="0" hostname="NBS-Vineethkj" name="Automationpractice.Automationpractice.Calender_Type3" tests="1" failures="0" timestamp="06 Nov 2021 07:06:58 GMT" time="12.090" errors="0">
  <testcase name="calender" time="12.090" classname="Automationpractice.Automationpractice.Calender_Type3"/>
</testsuite> <!-- Automationpractice.Automationpractice.Calender_Type3 -->
