<?xml version="1.0" encoding="UTF-8"?>
<!-- Generated by org.testng.reporters.JUnitReportReporter -->
<testsuite skipped="0" hostname="NBS-Vineethkj" name="BestBuySripts.Home_page" tests="2" failures="0" timestamp="26 Oct 2021 07:18:50 GMT" time="34.463" errors="0">
  <testcase name="driverInitialisation" time="15.018" classname="BestBuySripts.Home_page"/>
  <testcase name="search_product" time="19.445" classname="BestBuySripts.Home_page"/>
</testsuite> <!-- BestBuySripts.Home_page -->
