<?xml version="1.0" encoding="UTF-8"?>
<!-- Generated by org.testng.reporters.JUnitReportReporter -->
<testsuite skipped="0" hostname="NBS-Vineethkj" name="Automationpractice.Automationpractice.practice" tests="3" failures="0" timestamp="06 Nov 2021 08:06:59 GMT" time="14.999" errors="0">
  <testcase name="openurl" time="13.475" classname="Automationpractice.Automationpractice.practice"/>
  <testcase name="clickRadiobutton" time="0.205" classname="Automationpractice.Automationpractice.practice"/>
  <testcase name="autoSuggestionDropdown" time="1.319" classname="Automationpractice.Automationpractice.practice"/>
</testsuite> <!-- Automationpractice.Automationpractice.practice -->
