<?xml version="1.0" encoding="UTF-8"?>
<!-- Generated by org.testng.reporters.JUnitReportReporter -->
<testsuite skipped="0" hostname="NBS-Vineethkj" name="Automationpractice.Automationpractice.Calender" tests="1" failures="0" timestamp="05 Nov 2021 05:19:31 GMT" time="16.120" errors="0">
  <testcase name="calender" time="16.120" classname="Automationpractice.Automationpractice.Calender"/>
</testsuite> <!-- Automationpractice.Automationpractice.Calender -->
